<html>
<head>
<title>TestNG:  Lendistry NYR Module_1</title>
<link href="../testng.css" rel="stylesheet" type="text/css" />
<link href="../my-testng.css" rel="stylesheet" type="text/css" />

<style type="text/css">
.log { display: none;} 
.stack-trace { display: none;} 
</style>
<script type="text/javascript">
<!--
function flip(e) {
  current = e.style.display;
  if (current == 'block') {
    e.style.display = 'none';
    return 0;
  }
  else {
    e.style.display = 'block';
    return 1;
  }
}

function toggleBox(szDivId, elem, msg1, msg2)
{
  var res = -1;  if (document.getElementById) {
    res = flip(document.getElementById(szDivId));
  }
  else if (document.all) {
    // this is the way old msie versions work
    res = flip(document.all[szDivId]);
  }
  if(elem) {
    if(res == 0) elem.innerHTML = msg1; else elem.innerHTML = msg2;
  }

}

function toggleAllBoxes() {
  if (document.getElementsByTagName) {
    d = document.getElementsByTagName('div');
    for (i = 0; i < d.length; i++) {
      if (d[i].className == 'log') {
        flip(d[i]);
      }
    }
  }
}

// -->
</script>

</head>
<body>
<h2 align='center'>Lendistry NYR Module_1</h2><table border='1' align="center">
<tr>
<td>Tests passed/Failed/Skipped:</td><td>6/2/0</td>
</tr><tr>
<td>Started on:</td><td>Thu Jul 14 11:22:57 IST 2022</td>
</tr>
<tr><td>Total time:</td><td>1802 seconds (1802613 ms)</td>
</tr><tr>
<td>Included groups:</td><td></td>
</tr><tr>
<td>Excluded groups:</td><td></td>
</tr>
</table><p/>
<small><i>(Hover the method name to see the test class name)</i></small><p/>
<table width='100%' border='1' class='invocation-failed'>
<tr><td colspan='4' align='center'><b>FAILED TESTS</b></td></tr>
<tr><td><b>Test method</b></td>
<td><b>Attribute(s)</b></td>
<td width="30%"><b>Exception</b></td>
<td width="10%"><b>Time (seconds)</b></td>
<td><b>Instance</b></td>
</tr>
<tr>
<td title='LendistryNYR.TC008_NYR_UW_BankStmtSummary.testB()'><b>testB</b><br>Test class: LendistryNYR.TC008_NYR_UW_BankStmtSummary<br>Parameters: {ApproveIndex=#385806, Bank name=RBL bank, Zip=12345, BusinessName=Lendistry, Runmode=Y, Owner_City=Anthill, UW Username=uwteamlead@yopmail.com, Routing Number=123456789, Owner_Address=220, Locust Ave, State=Missouri, Mode=NYRPortal, Browser=Chrome, UW Password=test@123, Account Number=1234567890}</td>
<td><div><pre>java.lang.reflect.InvocationTargetException
	at com.Automation.Driver.DriverScript.executeKeywords(DriverScript.java:55)
	at LendistryNYR.TC008_NYR_UW_BankStmtSummary.testB(TC008_NYR_UW_BankStmtSummary.java:26)
	at java.base/java.util.ArrayList.forEach(ArrayList.java:1541)
	at java.base/java.util.concurrent.FutureTask.run(FutureTask.java:264)
	at java.base/java.util.concurrent.ThreadPoolExecutor.runWorker(ThreadPoolExecutor.java:1128)
	at java.base/java.util.concurrent.ThreadPoolExecutor$Worker.run(ThreadPoolExecutor.java:628)
	at java.base/java.lang.Thread.run(Thread.java:834)
Caused by: org.openqa.selenium.NoSuchElementException: no such element: Unable to locate element: {&quot;method&quot;:&quot;xpath&quot;,&quot;selector&quot;:&quot;(//td[text()=&apos; Account Name &apos;]//following::strong)[1]&quot;}
  (Session info: chrome=103.0.5060.114)
For documentation on this error, please visit: https://www.seleniumhq.org/exceptions/no_such_element.html
Build info: version: &apos;3.141.59&apos;, revision: &apos;e82be7d358&apos;, time: &apos;2018-11-14T08:17:03&apos;
System info: host: &apos;C40LAP-12601&apos;, ip: &apos;192.168.1.5&apos;, os.name: &apos;Windows 10&apos;, os.arch: &apos;amd64&apos;, os.version: &apos;10.0&apos;, java.version: &apos;11.0.12&apos;
Driver info: org.openqa.selenium.chrome.ChromeDriver
Capabilities {acceptInsecureCerts: false, browserName: chrome, browserVersion: 103.0.5060.114, chrome: {chromedriverVersion: 103.0.5060.53 (a1711811edd7..., userDataDir: C:\Users\NISHAN~1.SIN\AppDa...}, goog:chromeOptions: {debuggerAddress: localhost:51869}, javascriptEnabled: true, networkConnectionEnabled: false, pageLoadStrategy: normal, platform: WINDOWS, platformName: WINDOWS, proxy: Proxy(), setWindowRect: true, strictFileInteractability: false, timeouts: {implicit: 0, pageLoad: 300000, script: 30000}, unhandledPromptBehavior: dismiss and notify, webauthn:extension:credBlob: true, webauthn:extension:largeBlob: true, webauthn:virtualAuthenticators: true}
Session ID: b4136de98fddc687ccb27c8277d1b78e
*** Element info: {Using=xpath, value=(//td[text()=&apos; Account Name &apos;]//following::strong)[1]}
	at org.openqa.selenium.remote.http.W3CHttpResponseCodec.createException(W3CHttpResponseCodec.java:187)
	at org.openqa.selenium.remote.http.W3CHttpResponseCodec.decode(W3CHttpResponseCodec.java:122)
	at org.openqa.selenium.remote.http.W3CHttpResponseCodec.decode(W3CHttpResponseCodec.java:49)
	at org.openqa.selenium.remote.HttpCommandExecutor.execute(HttpCommandExecutor.java:158)
	at org.openqa.selenium.remote.service.DriverCommandExecutor.execute(DriverCommandExecutor.java:83)
	at org.openqa.selenium.remote.RemoteWebDriver.execute(RemoteWebDriver.java:552)
	at org.openqa.selenium.remote.RemoteWebDriver.findElement(RemoteWebDriver.java:323)
	at org.openqa.selenium.remote.RemoteWebDriver.findElementByXPath(RemoteWebDriver.java:428)
	at org.openqa.selenium.By$ByXPath.findElement(By.java:353)
	at org.openqa.selenium.remote.RemoteWebDriver.findElement(RemoteWebDriver.java:315)
	at com.Automation.Keywords.SeleniumFunctions.findElement(SeleniumFunctions.java:71)
	at com.Automation.Keywords.GenericKeywords.retryingElement(GenericKeywords.java:198)
	at com.Automation.Keywords.GenericKeywords.assertEqual(GenericKeywords.java:1484)
	... 27 more
... Removed 24 stack frames</pre></div><a href='#' onClick='toggleBox("stack-trace1935398690", this, "Click to show all stack frames", "Click to hide stack frames")'>Click to show all stack frames</a>
<div class='stack-trace' id='stack-trace1935398690'><pre>java.lang.reflect.InvocationTargetException
	at jdk.internal.reflect.GeneratedMethodAccessor36.invoke(Unknown Source)
	at java.base/jdk.internal.reflect.DelegatingMethodAccessorImpl.invoke(DelegatingMethodAccessorImpl.java:43)
	at java.base/java.lang.reflect.Method.invoke(Method.java:566)
	at com.Automation.Driver.DriverScript.executeKeywords(DriverScript.java:55)
	at LendistryNYR.TC008_NYR_UW_BankStmtSummary.testB(TC008_NYR_UW_BankStmtSummary.java:26)
	at java.base/jdk.internal.reflect.NativeMethodAccessorImpl.invoke0(Native Method)
	at java.base/jdk.internal.reflect.NativeMethodAccessorImpl.invoke(NativeMethodAccessorImpl.java:62)
	at java.base/jdk.internal.reflect.DelegatingMethodAccessorImpl.invoke(DelegatingMethodAccessorImpl.java:43)
	at java.base/java.lang.reflect.Method.invoke(Method.java:566)
	at org.testng.internal.invokers.MethodInvocationHelper.invokeMethod(MethodInvocationHelper.java:139)
	at org.testng.internal.invokers.TestInvoker.invokeMethod(TestInvoker.java:677)
	at org.testng.internal.invokers.TestInvoker.invokeTestMethod(TestInvoker.java:221)
	at org.testng.internal.invokers.MethodRunner.runInSequence(MethodRunner.java:50)
	at org.testng.internal.invokers.TestInvoker$MethodInvocationAgent.invoke(TestInvoker.java:962)
	at org.testng.internal.invokers.TestInvoker.invokeTestMethods(TestInvoker.java:194)
	at org.testng.internal.invokers.TestMethodWorker.invokeTestMethods(TestMethodWorker.java:148)
	at org.testng.internal.invokers.TestMethodWorker.run(TestMethodWorker.java:128)
	at java.base/java.util.ArrayList.forEach(ArrayList.java:1541)
	at org.testng.TestRunner.privateRun(TestRunner.java:806)
	at org.testng.TestRunner.run(TestRunner.java:601)
	at org.testng.SuiteRunner.runTest(SuiteRunner.java:433)
	at org.testng.SuiteRunner$SuiteWorker.run(SuiteRunner.java:471)
	at org.testng.internal.thread.ThreadUtil.lambda$execute$0(ThreadUtil.java:58)
	at java.base/java.util.concurrent.FutureTask.run(FutureTask.java:264)
	at java.base/java.util.concurrent.ThreadPoolExecutor.runWorker(ThreadPoolExecutor.java:1128)
	at java.base/java.util.concurrent.ThreadPoolExecutor$Worker.run(ThreadPoolExecutor.java:628)
	at java.base/java.lang.Thread.run(Thread.java:834)
Caused by: org.openqa.selenium.NoSuchElementException: no such element: Unable to locate element: {&quot;method&quot;:&quot;xpath&quot;,&quot;selector&quot;:&quot;(//td[text()=&apos; Account Name &apos;]//following::strong)[1]&quot;}
  (Session info: chrome=103.0.5060.114)
For documentation on this error, please visit: https://www.seleniumhq.org/exceptions/no_such_element.html
Build info: version: &apos;3.141.59&apos;, revision: &apos;e82be7d358&apos;, time: &apos;2018-11-14T08:17:03&apos;
System info: host: &apos;C40LAP-12601&apos;, ip: &apos;192.168.1.5&apos;, os.name: &apos;Windows 10&apos;, os.arch: &apos;amd64&apos;, os.version: &apos;10.0&apos;, java.version: &apos;11.0.12&apos;
Driver info: org.openqa.selenium.chrome.ChromeDriver
Capabilities {acceptInsecureCerts: false, browserName: chrome, browserVersion: 103.0.5060.114, chrome: {chromedriverVersion: 103.0.5060.53 (a1711811edd7..., userDataDir: C:\Users\NISHAN~1.SIN\AppDa...}, goog:chromeOptions: {debuggerAddress: localhost:51869}, javascriptEnabled: true, networkConnectionEnabled: false, pageLoadStrategy: normal, platform: WINDOWS, platformName: WINDOWS, proxy: Proxy(), setWindowRect: true, strictFileInteractability: false, timeouts: {implicit: 0, pageLoad: 300000, script: 30000}, unhandledPromptBehavior: dismiss and notify, webauthn:extension:credBlob: true, webauthn:extension:largeBlob: true, webauthn:virtualAuthenticators: true}
Session ID: b4136de98fddc687ccb27c8277d1b78e
*** Element info: {Using=xpath, value=(//td[text()=&apos; Account Name &apos;]//following::strong)[1]}
	at java.base/jdk.internal.reflect.NativeConstructorAccessorImpl.newInstance0(Native Method)
	at java.base/jdk.internal.reflect.NativeConstructorAccessorImpl.newInstance(NativeConstructorAccessorImpl.java:62)
	at java.base/jdk.internal.reflect.DelegatingConstructorAccessorImpl.newInstance(DelegatingConstructorAccessorImpl.java:45)
	at java.base/java.lang.reflect.Constructor.newInstance(Constructor.java:490)
	at org.openqa.selenium.remote.http.W3CHttpResponseCodec.createException(W3CHttpResponseCodec.java:187)
	at org.openqa.selenium.remote.http.W3CHttpResponseCodec.decode(W3CHttpResponseCodec.java:122)
	at org.openqa.selenium.remote.http.W3CHttpResponseCodec.decode(W3CHttpResponseCodec.java:49)
	at org.openqa.selenium.remote.HttpCommandExecutor.execute(HttpCommandExecutor.java:158)
	at org.openqa.selenium.remote.service.DriverCommandExecutor.execute(DriverCommandExecutor.java:83)
	at org.openqa.selenium.remote.RemoteWebDriver.execute(RemoteWebDriver.java:552)
	at org.openqa.selenium.remote.RemoteWebDriver.findElement(RemoteWebDriver.java:323)
	at org.openqa.selenium.remote.RemoteWebDriver.findElementByXPath(RemoteWebDriver.java:428)
	at org.openqa.selenium.By$ByXPath.findElement(By.java:353)
	at org.openqa.selenium.remote.RemoteWebDriver.findElement(RemoteWebDriver.java:315)
	at com.Automation.Keywords.SeleniumFunctions.findElement(SeleniumFunctions.java:71)
	at com.Automation.Keywords.GenericKeywords.retryingElement(GenericKeywords.java:198)
	at com.Automation.Keywords.GenericKeywords.assertEqual(GenericKeywords.java:1484)
	... 27 more
</pre></div></td>
<td>221</td>
<td>LendistryNYR.TC008_NYR_UW_BankStmtSummary@4b86805d</td></tr>
<tr>
<td title='LendistryNYR.TC007_NYR_LinkToBank.testB()'><b>testB</b><br>Test class: LendistryNYR.TC007_NYR_LinkToBank<br>Parameters: {Bank name=RBL bank, DPassword=Nishant@123#, Zip=12345, BusinessName=Lendistry, Phone OTP=1234, Runmode=Y, Test Doc=testfile.txt, Owner_City=Anthill, Bank username=user_good, Routing Number=123456789, Owner_Address=220, Locust Ave, State=Missouri, Mode=NYRPortal, Browser=Chrome, Bank password=pass_good, Account Number=1234567890}</td>
<td><div><pre>java.lang.reflect.InvocationTargetException
	at com.Automation.Driver.DriverScript.executeKeywords(DriverScript.java:55)
	at LendistryNYR.TC007_NYR_LinkToBank.testB(TC007_NYR_LinkToBank.java:26)
	at java.base/java.util.ArrayList.forEach(ArrayList.java:1541)
	at java.base/java.util.concurrent.FutureTask.run(FutureTask.java:264)
	at java.base/java.util.concurrent.ThreadPoolExecutor.runWorker(ThreadPoolExecutor.java:1128)
	at java.base/java.util.concurrent.ThreadPoolExecutor$Worker.run(ThreadPoolExecutor.java:628)
	at java.base/java.lang.Thread.run(Thread.java:834)
Caused by: com.framework.exception.FrameworkException: ERROR: please check locator: //button[@class=&apos;md&apos;]
	at com.Automation.Keywords.GenericKeywords.drawBorder(GenericKeywords.java:2058)
	at com.Automation.Keywords.GenericKeywords.reportFailure(GenericKeywords.java:1897)
	at com.Automation.Keywords.GenericKeywords.enterKey(GenericKeywords.java:1342)
	... 28 more
... Removed 21 stack frames</pre></div><a href='#' onClick='toggleBox("stack-trace2057992646", this, "Click to show all stack frames", "Click to hide stack frames")'>Click to show all stack frames</a>
<div class='stack-trace' id='stack-trace2057992646'><pre>java.lang.reflect.InvocationTargetException
	at java.base/jdk.internal.reflect.NativeMethodAccessorImpl.invoke0(Native Method)
	at java.base/jdk.internal.reflect.NativeMethodAccessorImpl.invoke(NativeMethodAccessorImpl.java:62)
	at java.base/jdk.internal.reflect.DelegatingMethodAccessorImpl.invoke(DelegatingMethodAccessorImpl.java:43)
	at java.base/java.lang.reflect.Method.invoke(Method.java:566)
	at com.Automation.Driver.DriverScript.executeKeywords(DriverScript.java:55)
	at LendistryNYR.TC007_NYR_LinkToBank.testB(TC007_NYR_LinkToBank.java:26)
	at java.base/jdk.internal.reflect.NativeMethodAccessorImpl.invoke0(Native Method)
	at java.base/jdk.internal.reflect.NativeMethodAccessorImpl.invoke(NativeMethodAccessorImpl.java:62)
	at java.base/jdk.internal.reflect.DelegatingMethodAccessorImpl.invoke(DelegatingMethodAccessorImpl.java:43)
	at java.base/java.lang.reflect.Method.invoke(Method.java:566)
	at org.testng.internal.invokers.MethodInvocationHelper.invokeMethod(MethodInvocationHelper.java:139)
	at org.testng.internal.invokers.TestInvoker.invokeMethod(TestInvoker.java:677)
	at org.testng.internal.invokers.TestInvoker.invokeTestMethod(TestInvoker.java:221)
	at org.testng.internal.invokers.MethodRunner.runInSequence(MethodRunner.java:50)
	at org.testng.internal.invokers.TestInvoker$MethodInvocationAgent.invoke(TestInvoker.java:962)
	at org.testng.internal.invokers.TestInvoker.invokeTestMethods(TestInvoker.java:194)
	at org.testng.internal.invokers.TestMethodWorker.invokeTestMethods(TestMethodWorker.java:148)
	at org.testng.internal.invokers.TestMethodWorker.run(TestMethodWorker.java:128)
	at java.base/java.util.ArrayList.forEach(ArrayList.java:1541)
	at org.testng.TestRunner.privateRun(TestRunner.java:806)
	at org.testng.TestRunner.run(TestRunner.java:601)
	at org.testng.SuiteRunner.runTest(SuiteRunner.java:433)
	at org.testng.SuiteRunner$SuiteWorker.run(SuiteRunner.java:471)
	at org.testng.internal.thread.ThreadUtil.lambda$execute$0(ThreadUtil.java:58)
	at java.base/java.util.concurrent.FutureTask.run(FutureTask.java:264)
	at java.base/java.util.concurrent.ThreadPoolExecutor.runWorker(ThreadPoolExecutor.java:1128)
	at java.base/java.util.concurrent.ThreadPoolExecutor$Worker.run(ThreadPoolExecutor.java:628)
	at java.base/java.lang.Thread.run(Thread.java:834)
Caused by: com.framework.exception.FrameworkException: ERROR: please check locator: //button[@class=&apos;md&apos;]
	at com.Automation.Keywords.GenericKeywords.drawBorder(GenericKeywords.java:2058)
	at com.Automation.Keywords.GenericKeywords.reportFailure(GenericKeywords.java:1897)
	at com.Automation.Keywords.GenericKeywords.enterKey(GenericKeywords.java:1342)
	... 28 more
</pre></div></td>
<td>6</td>
<td>LendistryNYR.TC007_NYR_LinkToBank@238d68ff</td></tr>
</table><p>
<table width='100%' border='1' class='invocation-passed'>
<tr><td colspan='4' align='center'><b>PASSED TESTS</b></td></tr>
<tr><td><b>Test method</b></td>
<td><b>Attribute(s)</b></td>
<td width="30%"><b>Exception</b></td>
<td width="10%"><b>Time (seconds)</b></td>
<td><b>Instance</b></td>
</tr>
<tr>
<td title='LendistryNYR.TC004_NYR_SF_convertLeadToOpp.testB()'><b>testB</b><br>Test class: LendistryNYR.TC004_NYR_SF_convertLeadToOpp<br>Parameters: {Business Phone No=772-588-2769, Tell us more=Knitting Mill, Portal URL=https://stage.mylendistry.com/#/login, Q12.11=Yes, Q12.10=50, MobileNo=700-455-7089, Jobs retained=203, Website=none.com, Portal App Status=Finished, Ethnicity=Not Disclosed, Annual revenue=2500879, ownerPercentage=20, Q19=Yes, Part time employee=34536, Q18=Yes, Yes=Yes, Q17=Yes, Q16=Yes, Q15=Yes, Q14=Yes, Q13=Yes, Q12=Yes, SSN/EIN=000000001, Q11=5, Q10=543567, Zip Code=65488, Grant Type=Payroll Costs, Country=Adair County, Date=12/23/1992, BusinessName=Lendistry sales, Franchise=Yes, NAICS=226668, Owner_Address=220, Locust Ave, Women owned=No, Runmode=Y, Race=Asian, Tenant URL=nyrecovery-stage.mylendistry.com, Customer Base=B2B, Q9=354567, Q8=Yes, Q7=Yes, Q6=Yes, Request amount=25000, Bussiness Do=Manufacturer, Q5=Yes, Q4=No, Q3=Yes, Q2=Yes, Q1=Yes, Q15.1=BOC Capital, Browser=Chrome, Q14.1=ACCORD CORPORATION, Preferred Language=English, Q12.9=Yes, Q12.8=150, Q13.1=ASIAN AMERICAN FEDERATION, Q12.7=Local/Municipal, Q12.6=100, Q12.5=Yes, Owner_City=Anthill, Q12.4=Yes, Q12.3=200, Q12.2=Yes, Q5.4=Yes, Lead Record Type=GRANT-NYR, Q12.1=100, Q5.3=Yes, Q5.2=Yes, Q5.1=Yes, Bussiness It=Textile, Referral Partner=ACCORD Corporation, Mode=NYRPortal, Name=Marisol L Test case, Bussiness Type=Textile, Disabled=No, Veteran owned=No, Job created=40715, Owner_Address2=220, Locust Ave, Full time employess=20976, BussinessType=Partnership}</td>
<td></td>
<td>160</td>
<td>LendistryNYR.TC004_NYR_SF_convertLeadToOpp@79defdc</td></tr>
<tr>
<td title='LendistryNYR.TC005_NYR_SF_EditUWToOpps.testB()'><b>testB</b><br>Test class: LendistryNYR.TC005_NYR_SF_EditUWToOpps<br>Parameters: {Job created=407, Runmode=Y, UserName=sfdevops@lendistry.com.UAT, UW Username=uwteamlead@yopmail.com, Q3=No, Full time employess=209, Password=Lendistry2021, ownerPercentage=30, UpdateSalesforceStatus=Processing Sub, Website=Nishant.com, Part time employee=345, Jobs retained=20, Mode=NYRPortal, Browser=Chrome, UW Password=test@123}</td>
<td></td>
<td>330</td>
<td>LendistryNYR.TC005_NYR_SF_EditUWToOpps@18317edc</td></tr>
<tr>
<td title='LendistryNYR.TC002_NYR_SF_LeadVerification.testB()'><b>testB</b><br>Test class: LendistryNYR.TC002_NYR_SF_LeadVerification<br>Parameters: {Tell us more=Knitting Mill, Q12.11=Yes, Portal URL=https://stage.mylendistry.com/#/login, Q12.10=50, MobileNo=700-455-7089, Jobs retained=203, Website=none.com, Portal App Status=Finished, Ethnicity=Not Disclosed, Annual revenue=2500879, ownerPercentage=10, Q19=Yes, Part time employee=34536, Q18=Yes, Yes=Yes, Q17=Yes, Q16=Yes, Q15=Yes, Q14=Yes, Q13=Yes, Q12=Yes, UserName=sfdevops@lendistry.com.UAT, SSN/EIN=000000001, Q11=5, Q10=543567, Zip Code=65488, Grant Type=Payroll Costs, CR Status=Completed, Country=Adair County, Date=12/23/1992, BusinessName=Lendistry, Franchise=Yes, NAICS=226668, Owner_Address=220, Locust Ave, Women owned=No, Runmode=Y, Race=White, Tenant URL=nyrecovery-stage.mylendistry.com, Customer Base=B2B, MinorityOwned=Yes, Q9=354567, Q8=Yes, Q7=Yes, Q6=Yes, Request amount=25000, Bussiness Do=Manufacturer, Q5=Yes, Q4=Yes, Q3=Yes, Q2=Yes, Q1=Yes, Q15.1=BOC Capital, Browser=Chrome, Q14.1=ACCORD CORPORATION, Preferred Language=English, Q12.9=Yes, Q12.8=150, Q13.1=ASIAN AMERICAN FEDERATION, Q12.7=Local/Municipal, Q12.6=100, Q12.5=Yes, Owner_City=Anthill, Q12.4=Yes, Q12.3=200, Q12.2=Yes, Q5.4=Yes, Lead Record Type=GRANT-NYR, Q12.1=100, Q5.3=Yes, Q5.2=Yes, Q5.1=Yes, Bussiness It=Textile, Referral Partner=ACCORD Corporation, Mode=NYRPortal, Name=Marisol L Test case, Bussiness Type=Textile, Disabled=No, Veteran owned=Yes, Job created=40715, Password=Lendistry2021, Owner_Address2=220, Locust Ave, Full time employess=20976, BussinessType=Partnership}</td>
<td></td>
<td>148</td>
<td>LendistryNYR.TC002_NYR_SF_LeadVerification@54e041a4</td></tr>
<tr>
<td title='LendistryNYR.TC001_NYRPortal.testB()'><b>testB</b><br>Test class: LendistryNYR.TC001_NYRPortal<br>Parameters: {Tell us more=Knitting Mill, Q12.11=100, Q12.10=Local/Municipal, MobileNo=700-455-7089, Jobs retained=203, Refferal Partner=ACCORD Corporation, Website=none.com, Ethnicity=Not Disclosed, Annual revenue=2500879, ownerPercentage=10.0, Email=test2910212157@yopmail.com, Q19=Yes, Part time employee=34536, Q18=Yes, Yes=Yes, Q17=Yes, Q16=Yes, Q15=Yes, Sumit application=Yes, Q14=Yes, Q13=Yes, Q12=Yes, Q11=5, Q10=543567, Zip Code=65488, Prefeered Language=English, Grant Type=Payroll Costs, Status=COMPLETED FILE, Country=Adair County, FirstName=Marisol L, Date=12/23/1992, BusinessName=Lendistry, Franchise=Yes, NAICS=226668, Owner_Address=220, Locust Ave, Women owned=No, Runmode=Y, Race=White, SSN=000000001, MinorityOwned=Yes, Q9=354567, Q8=Yes, Q7=Yes, Q6=Yes, Request amount=25000, Bussiness Do=Manufacturer, EIN=000000001, Q5=Yes, Q4=Yes, Q3=Yes, Q2=Yes, Q1=Yes, Q15.1=BOC Capital, Browser=Chrome, Q14.1=ACCORD CORPORATION, Q12.9=Yes, Q12.8=50, Q12.7=Yes, Q13.1=ASIAN AMERICAN FEDERATION, Q12.6=150, Q12.5=Yes, Owner_City=Anthill, Q12.4=100, Q12.3=Yes, Q12.2=200, Q5.4=Yes, Q12.1=Yes, Q5.3=Yes, Q5.2=Yes, Q5.1=Yes, Bussiness It=Textile, Mode=NYRPortal, Disabled=No, Veteran owned=Yes, Job created=40715, Password=Nishant@123#, Owner_Address2=220, Locust Ave, Full time employess=20976, BussinessType=Partnership, LastName=Test case, State=Missouri}</td>
<td></td>
<td>412</td>
<td>LendistryNYR.TC001_NYRPortal@16612a51</td></tr>
<tr>
<td title='LendistryNYR.TC003_NYR_SF_EditLead.testB()'><b>testB</b><br>Test class: LendistryNYR.TC003_NYR_SF_EditLead<br>Parameters: {Business Phone No=772-588-2769, BusinessName=Lendistry sales, Runmode=Y, UW Username=uwteamlead@yopmail.com, Q4=NO, Veteran owned=No, Grant Type=Payroll Costs, ownerPercentage=20, Race=Asian, Mode=NYRPortal, Browser=Chrome, UW Password=test@123}</td>
<td></td>
<td>130</td>
<td>LendistryNYR.TC003_NYR_SF_EditLead@2c78324b</td></tr>
<tr>
<td title='LendistryNYR.TC006_NYR_SF_ODSSVerification.testB()'><b>testB</b><br>Test class: LendistryNYR.TC006_NYR_SF_ODSSVerification<br>Parameters: {Browser=Chrome, Password=Lendistry2021, UW Password=test@123, SC_CDFI=1, Country=Bronx County, UW Username=uwteamlead@yopmail.com, Business_City=Bronx, UserName=sfdevops@lendistry.com.UAT, Women owned=Yes, State=New York, Runmode=Y, Business_Address2=1301 Louis Nine Blvd, SC_Metro/NonMetro=1, Business_Address=1301 Louis Nine Blvd, SC_WomenOwned=0.25, Mode=NYRPortal, Business_Zip=10459, UW Stage=UW}</td>
<td></td>
<td>389</td>
<td>LendistryNYR.TC006_NYR_SF_ODSSVerification@4e0ae11f</td></tr>
</table><p>
</body>
</html>