<?xml version="1.0" encoding="UTF-8"?>
<!-- Generated by org.testng.reporters.JUnitXMLReporter -->
<testsuite ignored="0" hostname="C40LAP-12601" failures="1" tests="8" name="Lendistry NPO Module_1" time="1783.585" errors="0" timestamp="2022-07-14T11:21:49 IST">
  <testcase classname="CRGNonProfit.TC001_NPO_CRG_NonProfit" name="testB" time="298.127"/>
  <testcase classname="CRGNonProfit.TC002_NPO_SF_LeadVerification" name="testB" time="115.854"/>
  <testcase classname="CRGNonProfit.TC003_NPO_SF_EditLead" name="testB" time="225.842">
    <failure type="java.lang.reflect.InvocationTargetException">
      <![CDATA[java.lang.reflect.InvocationTargetException
at com.Automation.Driver.DriverScript.executeKeywords(DriverScript.java:55)
at CRGNonProfit.TC003_NPO_SF_EditLead.testB(TC003_NPO_SF_EditLead.java:26)
at java.base/java.util.ArrayList.forEach(ArrayList.java:1541)
at java.base/java.util.concurrent.FutureTask.run(FutureTask.java:264)
at java.base/java.util.concurrent.ThreadPoolExecutor.runWorker(ThreadPoolExecutor.java:1128)
at java.base/java.util.concurrent.ThreadPoolExecutor$Worker.run(ThreadPoolExecutor.java:628)
at java.base/java.lang.Thread.run(Thread.java:834)
Caused by: org.openqa.selenium.NoSuchElementException: no such element: Unable to locate element: {"method":"xpath","selector":"//*[@name='mySelect']"}
  (Session info: chrome=103.0.5060.114)
For documentation on this error, please visit: https://www.seleniumhq.org/exceptions/no_such_element.html
Build info: version: '3.141.59', revision: 'e82be7d358', time: '2018-11-14T08:17:03'
System info: host: 'C40LAP-12601', ip: '192.168.1.5', os.name: 'Windows 10', os.arch: 'amd64', os.version: '10.0', java.version: '11.0.12'
Driver info: org.openqa.selenium.chrome.ChromeDriver
Capabilities {acceptInsecureCerts: false, browserName: chrome, browserVersion: 103.0.5060.114, chrome: {chromedriverVersion: 103.0.5060.53 (a1711811edd7..., userDataDir: C:\Users\NISHAN~1.SIN\AppDa...}, goog:chromeOptions: {debuggerAddress: localhost:64093}, javascriptEnabled: true, networkConnectionEnabled: false, pageLoadStrategy: normal, platform: WINDOWS, platformName: WINDOWS, proxy: Proxy(), setWindowRect: true, strictFileInteractability: false, timeouts: {implicit: 0, pageLoad: 300000, script: 30000}, unhandledPromptBehavior: dismiss and notify, webauthn:extension:credBlob: true, webauthn:extension:largeBlob: true, webauthn:virtualAuthenticators: true}
Session ID: 2fdcad16e6dad103be5682f17b601c9a
*** Element info: {Using=xpath, value=//*[@name='mySelect']}
at org.openqa.selenium.remote.http.W3CHttpResponseCodec.createException(W3CHttpResponseCodec.java:187)
at org.openqa.selenium.remote.http.W3CHttpResponseCodec.decode(W3CHttpResponseCodec.java:122)
at org.openqa.selenium.remote.http.W3CHttpResponseCodec.decode(W3CHttpResponseCodec.java:49)
at org.openqa.selenium.remote.HttpCommandExecutor.execute(HttpCommandExecutor.java:158)
at org.openqa.selenium.remote.service.DriverCommandExecutor.execute(DriverCommandExecutor.java:83)
at org.openqa.selenium.remote.RemoteWebDriver.execute(RemoteWebDriver.java:552)
at org.openqa.selenium.remote.RemoteWebDriver.findElement(RemoteWebDriver.java:323)
at org.openqa.selenium.remote.RemoteWebDriver.findElementByXPath(RemoteWebDriver.java:428)
at org.openqa.selenium.By$ByXPath.findElement(By.java:353)
at org.openqa.selenium.remote.RemoteWebDriver.findElement(RemoteWebDriver.java:315)
at com.Automation.Keywords.SeleniumFunctions.findElement(SeleniumFunctions.java:71)
at com.Automation.Keywords.GenericKeywords.retryingElement(GenericKeywords.java:198)
at com.Automation.Keywords.GenericKeywords.clickScript(GenericKeywords.java:226)
... 27 more
... Removed 24 stack frames]]>
    </failure>
  </testcase> <!-- testB -->
  <testcase classname="CRGNonProfit.TC004_NPO_SF_convertLeadToOpp" name="testB" time="136.014"/>
  <testcase classname="CRGNonProfit.TC005_NPO_SF_EditUWToOpps" name="testB" time="344.266"/>
  <testcase classname="CRGNonProfit.TC006_NPO_SF_ODSSVerification" name="testB" time="335.411"/>
  <testcase classname="CRGNonProfit.TC007_NPO_CRG_LinkToBank" name="testB" time="227.64"/>
  <testcase classname="CRGNonProfit.TC008_NPO_UW_BankStmtSummary" name="testB" time="96.835"/>
</testsuite> <!-- Lendistry NPO Module_1 -->
