<?xml version="1.0" encoding="UTF-8"?>
<!-- Generated by org.testng.reporters.JUnitXMLReporter -->
<testsuite ignored="0" hostname="C40LAP-12601" failures="2" tests="8" name="Lendistry NYR Module_1" time="1802.613" errors="0" timestamp="2022-07-14T11:53:00 IST">
  <testcase classname="LendistryNYR.TC001_NYRPortal" name="testB" time="412.29"/>
  <testcase classname="LendistryNYR.TC002_NYR_SF_LeadVerification" name="testB" time="148.54"/>
  <testcase classname="LendistryNYR.TC003_NYR_SF_EditLead" name="testB" time="130.19"/>
  <testcase classname="LendistryNYR.TC004_NYR_SF_convertLeadToOpp" name="testB" time="160.601"/>
  <testcase classname="LendistryNYR.TC005_NYR_SF_EditUWToOpps" name="testB" time="330.862"/>
  <testcase classname="LendistryNYR.TC006_NYR_SF_ODSSVerification" name="testB" time="389.617"/>
  <testcase classname="LendistryNYR.TC007_NYR_LinkToBank" name="testB" time="6.934">
    <failure type="java.lang.reflect.InvocationTargetException">
      <![CDATA[java.lang.reflect.InvocationTargetException
at com.Automation.Driver.DriverScript.executeKeywords(DriverScript.java:55)
at LendistryNYR.TC007_NYR_LinkToBank.testB(TC007_NYR_LinkToBank.java:26)
at java.base/java.util.ArrayList.forEach(ArrayList.java:1541)
at java.base/java.util.concurrent.FutureTask.run(FutureTask.java:264)
at java.base/java.util.concurrent.ThreadPoolExecutor.runWorker(ThreadPoolExecutor.java:1128)
at java.base/java.util.concurrent.ThreadPoolExecutor$Worker.run(ThreadPoolExecutor.java:628)
at java.base/java.lang.Thread.run(Thread.java:834)
Caused by: com.framework.exception.FrameworkException: ERROR: please check locator: //button[@class='md']
at com.Automation.Keywords.GenericKeywords.drawBorder(GenericKeywords.java:2058)
at com.Automation.Keywords.GenericKeywords.reportFailure(GenericKeywords.java:1897)
at com.Automation.Keywords.GenericKeywords.enterKey(GenericKeywords.java:1342)
... 28 more
... Removed 21 stack frames]]>
    </failure>
  </testcase> <!-- testB -->
  <testcase classname="LendistryNYR.TC008_NYR_UW_BankStmtSummary" name="testB" time="221.629">
    <failure type="java.lang.reflect.InvocationTargetException">
      <![CDATA[java.lang.reflect.InvocationTargetException
at com.Automation.Driver.DriverScript.executeKeywords(DriverScript.java:55)
at LendistryNYR.TC008_NYR_UW_BankStmtSummary.testB(TC008_NYR_UW_BankStmtSummary.java:26)
at java.base/java.util.ArrayList.forEach(ArrayList.java:1541)
at java.base/java.util.concurrent.FutureTask.run(FutureTask.java:264)
at java.base/java.util.concurrent.ThreadPoolExecutor.runWorker(ThreadPoolExecutor.java:1128)
at java.base/java.util.concurrent.ThreadPoolExecutor$Worker.run(ThreadPoolExecutor.java:628)
at java.base/java.lang.Thread.run(Thread.java:834)
Caused by: org.openqa.selenium.NoSuchElementException: no such element: Unable to locate element: {"method":"xpath","selector":"(//td[text()=' Account Name ']//following::strong)[1]"}
  (Session info: chrome=103.0.5060.114)
For documentation on this error, please visit: https://www.seleniumhq.org/exceptions/no_such_element.html
Build info: version: '3.141.59', revision: 'e82be7d358', time: '2018-11-14T08:17:03'
System info: host: 'C40LAP-12601', ip: '192.168.1.5', os.name: 'Windows 10', os.arch: 'amd64', os.version: '10.0', java.version: '11.0.12'
Driver info: org.openqa.selenium.chrome.ChromeDriver
Capabilities {acceptInsecureCerts: false, browserName: chrome, browserVersion: 103.0.5060.114, chrome: {chromedriverVersion: 103.0.5060.53 (a1711811edd7..., userDataDir: C:\Users\NISHAN~1.SIN\AppDa...}, goog:chromeOptions: {debuggerAddress: localhost:51869}, javascriptEnabled: true, networkConnectionEnabled: false, pageLoadStrategy: normal, platform: WINDOWS, platformName: WINDOWS, proxy: Proxy(), setWindowRect: true, strictFileInteractability: false, timeouts: {implicit: 0, pageLoad: 300000, script: 30000}, unhandledPromptBehavior: dismiss and notify, webauthn:extension:credBlob: true, webauthn:extension:largeBlob: true, webauthn:virtualAuthenticators: true}
Session ID: b4136de98fddc687ccb27c8277d1b78e
*** Element info: {Using=xpath, value=(//td[text()=' Account Name ']//following::strong)[1]}
at org.openqa.selenium.remote.http.W3CHttpResponseCodec.createException(W3CHttpResponseCodec.java:187)
at org.openqa.selenium.remote.http.W3CHttpResponseCodec.decode(W3CHttpResponseCodec.java:122)
at org.openqa.selenium.remote.http.W3CHttpResponseCodec.decode(W3CHttpResponseCodec.java:49)
at org.openqa.selenium.remote.HttpCommandExecutor.execute(HttpCommandExecutor.java:158)
at org.openqa.selenium.remote.service.DriverCommandExecutor.execute(DriverCommandExecutor.java:83)
at org.openqa.selenium.remote.RemoteWebDriver.execute(RemoteWebDriver.java:552)
at org.openqa.selenium.remote.RemoteWebDriver.findElement(RemoteWebDriver.java:323)
at org.openqa.selenium.remote.RemoteWebDriver.findElementByXPath(RemoteWebDriver.java:428)
at org.openqa.selenium.By$ByXPath.findElement(By.java:353)
at org.openqa.selenium.remote.RemoteWebDriver.findElement(RemoteWebDriver.java:315)
at com.Automation.Keywords.SeleniumFunctions.findElement(SeleniumFunctions.java:71)
at com.Automation.Keywords.GenericKeywords.retryingElement(GenericKeywords.java:198)
at com.Automation.Keywords.GenericKeywords.assertEqual(GenericKeywords.java:1484)
... 27 more
... Removed 24 stack frames]]>
    </failure>
  </testcase> <!-- testB -->
</testsuite> <!-- Lendistry NYR Module_1 -->
