<?xml version="1.0" encoding="UTF-8"?>
<!-- Generated by org.testng.reporters.JUnitXMLReporter -->
<testsuite ignored="0" hostname="C40LAP-12601" failures="5" tests="5" name="Lendistry CRG NPO Module_2" time="905.726" errors="0" timestamp="2022-07-13T22:24:55 IST">
  <testcase classname="CRGNonProfit.TC009_NPO_CRG_NonProfitIncomplete" name="testB" time="542.29">
    <failure type="java.lang.reflect.InvocationTargetException">
      <![CDATA[java.lang.reflect.InvocationTargetException
at com.Automation.Driver.DriverScript.executeKeywords(DriverScript.java:55)
at CRGNonProfit.TC009_NPO_CRG_NonProfitIncomplete.testB(TC009_NPO_CRG_NonProfitIncomplete.java:26)
at java.base/java.util.ArrayList.forEach(ArrayList.java:1541)
at java.base/java.util.concurrent.FutureTask.run(FutureTask.java:264)
at java.base/java.util.concurrent.ThreadPoolExecutor.runWorker(ThreadPoolExecutor.java:1128)
at java.base/java.util.concurrent.ThreadPoolExecutor$Worker.run(ThreadPoolExecutor.java:628)
at java.base/java.lang.Thread.run(Thread.java:834)
Caused by: org.openqa.selenium.NoSuchElementException: no such element: Unable to locate element: {"method":"xpath","selector":"//div[contains(text(),'Lendistry username and password')]"}
  (Session info: headless chrome=103.0.5060.114)
For documentation on this error, please visit: https://www.seleniumhq.org/exceptions/no_such_element.html
Build info: version: '3.141.59', revision: 'e82be7d358', time: '2018-11-14T08:17:03'
System info: host: 'C40LAP-12601', ip: '192.168.1.5', os.name: 'Windows 10', os.arch: 'amd64', os.version: '10.0', java.version: '11.0.12'
Driver info: org.openqa.selenium.chrome.ChromeDriver
Capabilities {acceptInsecureCerts: false, browserName: chrome, browserVersion: 103.0.5060.114, chrome: {chromedriverVersion: 103.0.5060.53 (a1711811edd7..., userDataDir: C:\Users\NISHAN~1.SIN\AppDa...}, goog:chromeOptions: {debuggerAddress: localhost:65442}, javascriptEnabled: true, networkConnectionEnabled: false, pageLoadStrategy: normal, platform: WINDOWS, platformName: WINDOWS, proxy: Proxy(), setWindowRect: true, strictFileInteractability: false, timeouts: {implicit: 0, pageLoad: 300000, script: 30000}, unhandledPromptBehavior: dismiss and notify, webauthn:extension:credBlob: true, webauthn:extension:largeBlob: true, webauthn:virtualAuthenticators: true}
Session ID: 631da6e4d9626fde58ae066b85e93789
*** Element info: {Using=xpath, value=//div[contains(text(),'Lendistry username and password')]}
at org.openqa.selenium.remote.http.W3CHttpResponseCodec.createException(W3CHttpResponseCodec.java:187)
at org.openqa.selenium.remote.http.W3CHttpResponseCodec.decode(W3CHttpResponseCodec.java:122)
at org.openqa.selenium.remote.http.W3CHttpResponseCodec.decode(W3CHttpResponseCodec.java:49)
at org.openqa.selenium.remote.HttpCommandExecutor.execute(HttpCommandExecutor.java:158)
at org.openqa.selenium.remote.service.DriverCommandExecutor.execute(DriverCommandExecutor.java:83)
at org.openqa.selenium.remote.RemoteWebDriver.execute(RemoteWebDriver.java:552)
at org.openqa.selenium.remote.RemoteWebDriver.findElement(RemoteWebDriver.java:323)
at org.openqa.selenium.remote.RemoteWebDriver.findElementByXPath(RemoteWebDriver.java:428)
at org.openqa.selenium.By$ByXPath.findElement(By.java:353)
at org.openqa.selenium.remote.RemoteWebDriver.findElement(RemoteWebDriver.java:315)
at com.Automation.Keywords.SeleniumFunctions.findElement(SeleniumFunctions.java:71)
at com.Automation.Keywords.GenericKeywords.retryingElement(GenericKeywords.java:198)
at com.Automation.Keywords.GenericKeywords.click(GenericKeywords.java:209)
... 27 more
... Removed 24 stack frames]]>
    </failure>
  </testcase> <!-- testB -->
  <testcase classname="CRGNonProfit.TC010_NPO_CRG_NetworkSelection" name="testB" time="25.32">
    <failure type="java.lang.reflect.InvocationTargetException">
      <![CDATA[java.lang.reflect.InvocationTargetException
at com.Automation.Driver.DriverScript.executeKeywords(DriverScript.java:55)
at CRGNonProfit.TC010_NPO_CRG_NetworkSelection.testB(TC010_NPO_CRG_NetworkSelection.java:26)
at java.base/java.util.ArrayList.forEach(ArrayList.java:1541)
at java.base/java.util.concurrent.FutureTask.run(FutureTask.java:264)
at java.base/java.util.concurrent.ThreadPoolExecutor.runWorker(ThreadPoolExecutor.java:1128)
at java.base/java.util.concurrent.ThreadPoolExecutor$Worker.run(ThreadPoolExecutor.java:628)
at java.base/java.lang.Thread.run(Thread.java:834)
Caused by: com.framework.exception.FrameworkException: ERROR: please check locator: null
at com.Automation.Keywords.GenericKeywords.drawBorder(GenericKeywords.java:2058)
at com.Automation.Keywords.GenericKeywords.reportFailure(GenericKeywords.java:1897)
at com.Automation.Keywords.GenericKeywords.loginToPortal(GenericKeywords.java:1124)
... 28 more
... Removed 21 stack frames]]>
    </failure>
  </testcase> <!-- testB -->
  <testcase classname="CRGNonProfit.TC011_NPO_CRG_DocUpload" name="testB" time="44.663">
    <failure type="java.lang.reflect.InvocationTargetException">
      <![CDATA[java.lang.reflect.InvocationTargetException
at com.Automation.Driver.DriverScript.executeKeywords(DriverScript.java:55)
at CRGNonProfit.TC011_NPO_CRG_DocUpload.testB(TC011_NPO_CRG_DocUpload.java:26)
at java.base/java.util.ArrayList.forEach(ArrayList.java:1541)
at java.base/java.util.concurrent.FutureTask.run(FutureTask.java:264)
at java.base/java.util.concurrent.ThreadPoolExecutor.runWorker(ThreadPoolExecutor.java:1128)
at java.base/java.util.concurrent.ThreadPoolExecutor$Worker.run(ThreadPoolExecutor.java:628)
at java.base/java.lang.Thread.run(Thread.java:834)
Caused by: com.framework.exception.FrameworkException: ERROR: please check locator: null
at com.Automation.Keywords.GenericKeywords.drawBorder(GenericKeywords.java:2058)
at com.Automation.Keywords.GenericKeywords.reportFailure(GenericKeywords.java:1897)
at com.Automation.Keywords.GenericKeywords.loginToPortal(GenericKeywords.java:1124)
... 28 more
... Removed 21 stack frames]]>
    </failure>
  </testcase> <!-- testB -->
  <testcase classname="CRGNonProfit.TC012_NPO_UW_DocUploadToCloseDoc" name="testB" time="18.958">
    <failure type="java.lang.reflect.InvocationTargetException">
      <![CDATA[java.lang.reflect.InvocationTargetException
at com.Automation.Driver.DriverScript.executeKeywords(DriverScript.java:55)
at CRGNonProfit.TC012_NPO_UW_DocUploadToCloseDoc.testB(TC012_NPO_UW_DocUploadToCloseDoc.java:26)
at java.base/java.util.ArrayList.forEach(ArrayList.java:1541)
at java.base/java.util.concurrent.FutureTask.run(FutureTask.java:264)
at java.base/java.util.concurrent.ThreadPoolExecutor.runWorker(ThreadPoolExecutor.java:1128)
at java.base/java.util.concurrent.ThreadPoolExecutor$Worker.run(ThreadPoolExecutor.java:628)
at java.base/java.lang.Thread.run(Thread.java:834)
Caused by: java.lang.NullPointerException
at com.Automation.Keywords.GenericKeywords.enterDIR(GenericKeywords.java:364)
at com.Automation.Keywords.GenericKeywords.executeUnderWriter(GenericKeywords.java:421)
at com.Automation.Keywords.GenericKeywords.loginToUnderWriter(GenericKeywords.java:428)
... 28 more
... Removed 21 stack frames]]>
    </failure>
  </testcase> <!-- testB -->
  <testcase classname="CRGNonProfit.TC013_NPO_SF_ConvertExistingLead" name="testB" time="269.7">
    <failure type="java.lang.reflect.InvocationTargetException">
      <![CDATA[java.lang.reflect.InvocationTargetException
at com.Automation.Driver.DriverScript.executeKeywords(DriverScript.java:55)
at CRGNonProfit.TC013_NPO_SF_ConvertExistingLead.testB(TC013_NPO_SF_ConvertExistingLead.java:26)
at java.base/java.util.ArrayList.forEach(ArrayList.java:1541)
at java.base/java.util.concurrent.FutureTask.run(FutureTask.java:264)
at java.base/java.util.concurrent.ThreadPoolExecutor.runWorker(ThreadPoolExecutor.java:1128)
at java.base/java.util.concurrent.ThreadPoolExecutor$Worker.run(ThreadPoolExecutor.java:628)
at java.base/java.lang.Thread.run(Thread.java:834)
Caused by: org.openqa.selenium.NoSuchElementException: no such element: Unable to locate element: {"method":"xpath","selector":"((//*[@class='bodyConvertedItem'])[3]//a)[1]"}
  (Session info: headless chrome=103.0.5060.114)
For documentation on this error, please visit: https://www.seleniumhq.org/exceptions/no_such_element.html
Build info: version: '3.141.59', revision: 'e82be7d358', time: '2018-11-14T08:17:03'
System info: host: 'C40LAP-12601', ip: '192.168.1.5', os.name: 'Windows 10', os.arch: 'amd64', os.version: '10.0', java.version: '11.0.12'
Driver info: org.openqa.selenium.chrome.ChromeDriver
Capabilities {acceptInsecureCerts: false, browserName: chrome, browserVersion: 103.0.5060.114, chrome: {chromedriverVersion: 103.0.5060.53 (a1711811edd7..., userDataDir: C:\Users\NISHAN~1.SIN\AppDa...}, goog:chromeOptions: {debuggerAddress: localhost:50221}, javascriptEnabled: true, networkConnectionEnabled: false, pageLoadStrategy: normal, platform: WINDOWS, platformName: WINDOWS, proxy: Proxy(), setWindowRect: true, strictFileInteractability: false, timeouts: {implicit: 0, pageLoad: 300000, script: 30000}, unhandledPromptBehavior: dismiss and notify, webauthn:extension:credBlob: true, webauthn:extension:largeBlob: true, webauthn:virtualAuthenticators: true}
Session ID: 6bbcc7ea59b15bfd0e4de6d9e91441b5
*** Element info: {Using=xpath, value=((//*[@class='bodyConvertedItem'])[3]//a)[1]}
at org.openqa.selenium.remote.http.W3CHttpResponseCodec.createException(W3CHttpResponseCodec.java:187)
at org.openqa.selenium.remote.http.W3CHttpResponseCodec.decode(W3CHttpResponseCodec.java:122)
at org.openqa.selenium.remote.http.W3CHttpResponseCodec.decode(W3CHttpResponseCodec.java:49)
at org.openqa.selenium.remote.HttpCommandExecutor.execute(HttpCommandExecutor.java:158)
at org.openqa.selenium.remote.service.DriverCommandExecutor.execute(DriverCommandExecutor.java:83)
at org.openqa.selenium.remote.RemoteWebDriver.execute(RemoteWebDriver.java:552)
at org.openqa.selenium.remote.RemoteWebDriver.findElement(RemoteWebDriver.java:323)
at org.openqa.selenium.remote.RemoteWebDriver.findElementByXPath(RemoteWebDriver.java:428)
at org.openqa.selenium.By$ByXPath.findElement(By.java:353)
at org.openqa.selenium.remote.RemoteWebDriver.findElement(RemoteWebDriver.java:315)
at com.Automation.Keywords.SeleniumFunctions.findElement(SeleniumFunctions.java:71)
at com.Automation.Keywords.GenericKeywords.retryingElement(GenericKeywords.java:198)
at com.Automation.Keywords.GenericKeywords.click(GenericKeywords.java:209)
... 27 more
... Removed 23 stack frames]]>
    </failure>
  </testcase> <!-- testB -->
</testsuite> <!-- Lendistry CRG NPO Module_2 -->
